<?xml version="1.0" encoding="UTF-8"?>
<!-- Generated by org.testng.reporters.JUnitReportReporter -->
<testsuite skipped="0" hostname="DESKTOP-VQEUPP6" name="TestNG.DataProvider" tests="2" failures="0" timestamp="24 May 2021 18:14:01 GMT" time="0.015" errors="0">
  <testcase name="test" time="0.013" classname="TestNG.DataProvider"/>
  <testcase name="test" time="0.002" classname="TestNG.DataProvider"/>
</testsuite> <!-- TestNG.DataProvider -->
