<?xml version="1.0" encoding="UTF-8"?>
<!-- Generated by org.testng.reporters.JUnitReportReporter -->
<testsuite skipped="0" hostname="DESKTOP-VQEUPP6" name="TestNG.LoginTest" tests="1" failures="0" timestamp="25 May 2021 17:53:59 GMT" time="35.094" errors="0">
  <testcase name="login" time="35.094" classname="TestNG.LoginTest"/>
</testsuite> <!-- TestNG.LoginTest -->
